  [1m[35m (4.4ms)[0m  [1m[34mSELECT sqlite_version(*)[0m
  [1m[35m (0.3ms)[0m  [1m[34mSELECT sqlite_version(*)[0m
  [1m[35m (0.9ms)[0m  [1m[34mSELECT sqlite_version(*)[0m
  [1m[35m (2.5ms)[0m  [1m[35mCREATE TABLE "schema_migrations" ("version" varchar NOT NULL PRIMARY KEY)[0m
  [1m[35m (2.6ms)[0m  [1m[35mCREATE TABLE "ar_internal_metadata" ("key" varchar NOT NULL PRIMARY KEY, "value" varchar, "created_at" datetime(6) NOT NULL, "updated_at" datetime(6) NOT NULL)[0m
  [1m[35m (0.3ms)[0m  [1m[34mSELECT "schema_migrations"."version" FROM "schema_migrations" ORDER BY "schema_migrations"."version" ASC[0m
Migrating to CreateMemes (20191128131913)
  [1m[35m (0.1ms)[0m  [1m[36mbegin transaction[0m
  [1m[35m (0.8ms)[0m  [1m[35mCREATE TABLE "memes" ("id" integer PRIMARY KEY AUTOINCREMENT NOT NULL, "title" varchar, "category" varchar, "link" varchar, "description" text, "created_at" datetime(6) NOT NULL, "updated_at" datetime(6) NOT NULL)[0m
  [1m[36mprimary::SchemaMigration Create (1.0ms)[0m  [1m[32mINSERT INTO "schema_migrations" ("version") VALUES (?)[0m  [["version", "20191128131913"]]
  [1m[35m (2.0ms)[0m  [1m[36mcommit transaction[0m
  [1m[36mActiveRecord::InternalMetadata Load (0.3ms)[0m  [1m[34mSELECT "ar_internal_metadata".* FROM "ar_internal_metadata" WHERE "ar_internal_metadata"."key" = ? LIMIT ?[0m  [["key", "environment"], ["LIMIT", 1]]
  [1m[35m (0.1ms)[0m  [1m[36mbegin transaction[0m
  [1m[36mActiveRecord::InternalMetadata Create (0.7ms)[0m  [1m[32mINSERT INTO "ar_internal_metadata" ("key", "value", "created_at", "updated_at") VALUES (?, ?, ?, ?)[0m  [["key", "environment"], ["value", "development"], ["created_at", "2019-11-28 13:19:49.329784"], ["updated_at", "2019-11-28 13:19:49.329784"]]
  [1m[35m (1.7ms)[0m  [1m[36mcommit transaction[0m
  [1m[35m (0.2ms)[0m  [1m[34mSELECT sqlite_version(*)[0m
  [1m[35m (0.3ms)[0m  [1m[34mSELECT "schema_migrations"."version" FROM "schema_migrations" ORDER BY "schema_migrations"."version" ASC[0m
Started GET "/rooms" for ::1 at 2019-11-28 10:20:35 -0300
  [1m[35m (0.9ms)[0m  [1m[34mSELECT sqlite_version(*)[0m
  [1m[35m (0.9ms)[0m  [1m[34mSELECT "schema_migrations"."version" FROM "schema_migrations" ORDER BY "schema_migrations"."version" ASC[0m
  
ActionController::RoutingError (No route matches [GET] "/rooms"):
  
actionpack (6.0.1) lib/action_dispatch/middleware/debug_exceptions.rb:36:in `call'
web-console (4.0.1) lib/web_console/middleware.rb:132:in `call_app'
web-console (4.0.1) lib/web_console/middleware.rb:28:in `block in call'
web-console (4.0.1) lib/web_console/middleware.rb:17:in `catch'
web-console (4.0.1) lib/web_console/middleware.rb:17:in `call'
actionpack (6.0.1) lib/action_dispatch/middleware/show_exceptions.rb:33:in `call'
railties (6.0.1) lib/rails/rack/logger.rb:38:in `call_app'
railties (6.0.1) lib/rails/rack/logger.rb:26:in `block in call'
activesupport (6.0.1) lib/active_support/tagged_logging.rb:80:in `block in tagged'
activesupport (6.0.1) lib/active_support/tagged_logging.rb:28:in `tagged'
activesupport (6.0.1) lib/active_support/tagged_logging.rb:80:in `tagged'
railties (6.0.1) lib/rails/rack/logger.rb:26:in `call'
sprockets-rails (3.2.1) lib/sprockets/rails/quiet_assets.rb:13:in `call'
actionpack (6.0.1) lib/action_dispatch/middleware/remote_ip.rb:81:in `call'
actionpack (6.0.1) lib/action_dispatch/middleware/request_id.rb:27:in `call'
rack (2.0.7) lib/rack/method_override.rb:22:in `call'
rack (2.0.7) lib/rack/runtime.rb:22:in `call'
activesupport (6.0.1) lib/active_support/cache/strategy/local_cache_middleware.rb:29:in `call'
actionpack (6.0.1) lib/action_dispatch/middleware/executor.rb:14:in `call'
actionpack (6.0.1) lib/action_dispatch/middleware/static.rb:126:in `call'
rack (2.0.7) lib/rack/sendfile.rb:111:in `call'
actionpack (6.0.1) lib/action_dispatch/middleware/host_authorization.rb:83:in `call'
webpacker (4.2.0) lib/webpacker/dev_server_proxy.rb:23:in `perform_request'
rack-proxy (0.6.5) lib/rack/proxy.rb:57:in `call'
railties (6.0.1) lib/rails/engine.rb:526:in `call'
puma (4.3.0) lib/puma/configuration.rb:228:in `call'
puma (4.3.0) lib/puma/server.rb:667:in `handle_request'
puma (4.3.0) lib/puma/server.rb:470:in `process_client'
puma (4.3.0) lib/puma/server.rb:328:in `block in run'
puma (4.3.0) lib/puma/thread_pool.rb:134:in `block in spawn_thread'
Started GET "/memes" for ::1 at 2019-11-28 10:20:39 -0300
Processing by MemesController#index as HTML
  Rendering memes/index.html.erb within layouts/application
  [1m[36mMeme Load (0.5ms)[0m  [1m[34mSELECT "memes".* FROM "memes"[0m
  ↳ app/views/memes/index.html.erb:17
  Rendered memes/index.html.erb within layouts/application (Duration: 8.5ms | Allocations: 1433)
[Webpacker] Compiling...
[Webpacker] Compiled all packs in /Users/youse/Desktop/AppTeste/paralelo/public/packs
[Webpacker] Hash: 53154d7baad00c6a1252
Version: webpack 4.41.2
Time: 2223ms
Built at: 28/11/2019 11:20:43
                                     Asset       Size       Chunks                         Chunk Names
    js/application-0b67a3cc2fcde6055024.js    124 KiB  application  [emitted] [immutable]  application
js/application-0b67a3cc2fcde6055024.js.map    139 KiB  application  [emitted] [dev]        application
                             manifest.json  364 bytes               [emitted]              
Entrypoint application = js/application-0b67a3cc2fcde6055024.js js/application-0b67a3cc2fcde6055024.js.map
[./app/javascript/channels sync recursive _channel\.js$] ./app/javascript/channels sync _channel\.js$ 160 bytes {application} [built]
[./app/javascript/channels/index.js] 211 bytes {application} [built]
[./app/javascript/packs/application.js] 749 bytes {application} [built]
[./node_modules/webpack/buildin/module.js] (webpack)/buildin/module.js 552 bytes {application} [built]
    + 3 hidden modules

Completed 200 OK in 4924ms (Views: 4913.7ms | ActiveRecord: 1.0ms | Allocations: 23953)


Started GET "/memes" for ::1 at 2019-11-28 10:34:13 -0300
  [1m[35m (0.1ms)[0m  [1m[34mSELECT sqlite_version(*)[0m
Processing by MemesController#index as HTML
  Rendering memes/index.html.erb within layouts/application
  Rendered layouts/_bootstrap.html.erb (Duration: 0.3ms | Allocations: 96)
  [1m[36mMeme Load (0.2ms)[0m  [1m[34mSELECT "memes".* FROM "memes"[0m
  ↳ app/views/memes/index.html.erb:19
  Rendered memes/index.html.erb within layouts/application (Duration: 3.3ms | Allocations: 1252)
[Webpacker] Everything's up-to-date. Nothing to do
Completed 200 OK in 18ms (Views: 15.6ms | ActiveRecord: 0.2ms | Allocations: 6109)


Started GET "/memes/new" for ::1 at 2019-11-28 10:34:16 -0300
Processing by MemesController#new as HTML
  Rendering memes/new.html.erb within layouts/application
  Rendered memes/_form.html.erb (Duration: 39.8ms | Allocations: 8944)
  Rendered memes/new.html.erb within layouts/application (Duration: 42.4ms | Allocations: 9293)
[Webpacker] Everything's up-to-date. Nothing to do
Completed 200 OK in 76ms (Views: 60.5ms | ActiveRecord: 2.3ms | Allocations: 17495)


Started GET "/memes/new" for ::1 at 2019-11-28 10:34:25 -0300
Processing by MemesController#new as HTML
  Rendering memes/new.html.erb within layouts/application
  Rendered memes/_form.html.erb (Duration: 6.0ms | Allocations: 1100)
  Rendered memes/new.html.erb within layouts/application (Duration: 6.9ms | Allocations: 1187)
[Webpacker] Everything's up-to-date. Nothing to do
Completed 200 OK in 32ms (Views: 31.0ms | ActiveRecord: 0.0ms | Allocations: 5085)


Started POST "/memes" for ::1 at 2019-11-28 10:34:32 -0300
Processing by MemesController#create as HTML
  Parameters: {"authenticity_token"=>"CxTFwnd++tZdLaL2FRKpZstz5fXfYI3C/vVwytpgtKRGLRY5wq03MkgX1dgUT8pHWoferVtzcbzzwlZIm1E95w==", "meme"=>{"title"=>"fece", "category"=>"rece", "link"=>"cercer", "description"=>"crecer"}, "commit"=>"Create Meme"}
  [1m[35m (0.1ms)[0m  [1m[36mbegin transaction[0m
  ↳ app/controllers/memes_controller.rb:30:in `block in create'
  [1m[36mMeme Create (5.8ms)[0m  [1m[32mINSERT INTO "memes" ("title", "category", "link", "description", "created_at", "updated_at") VALUES (?, ?, ?, ?, ?, ?)[0m  [["title", "fece"], ["category", "rece"], ["link", "cercer"], ["description", "crecer"], ["created_at", "2019-11-28 13:34:32.112691"], ["updated_at", "2019-11-28 13:34:32.112691"]]
  ↳ app/controllers/memes_controller.rb:30:in `block in create'
  [1m[35m (2.2ms)[0m  [1m[36mcommit transaction[0m
  ↳ app/controllers/memes_controller.rb:30:in `block in create'
Redirected to http://localhost:3000/memes/1
Completed 302 Found in 17ms (ActiveRecord: 8.1ms | Allocations: 2816)


Started GET "/memes/1" for ::1 at 2019-11-28 10:34:32 -0300
Processing by MemesController#show as HTML
  Parameters: {"id"=>"1"}
  [1m[36mMeme Load (0.4ms)[0m  [1m[34mSELECT "memes".* FROM "memes" WHERE "memes"."id" = ? LIMIT ?[0m  [["id", 1], ["LIMIT", 1]]
  ↳ app/controllers/memes_controller.rb:67:in `set_meme'
  Rendering memes/show.html.erb within layouts/application
  Rendered memes/show.html.erb within layouts/application (Duration: 1.7ms | Allocations: 334)
[Webpacker] Everything's up-to-date. Nothing to do
Completed 200 OK in 19ms (Views: 13.4ms | ActiveRecord: 0.4ms | Allocations: 5296)


Started GET "/memes" for ::1 at 2019-11-28 10:34:34 -0300
Processing by MemesController#index as HTML
  Rendering memes/index.html.erb within layouts/application
  Rendered layouts/_bootstrap.html.erb (Duration: 0.1ms | Allocations: 6)
  [1m[36mMeme Load (0.3ms)[0m  [1m[34mSELECT "memes".* FROM "memes"[0m
  ↳ app/views/memes/index.html.erb:19
  Rendered memes/index.html.erb within layouts/application (Duration: 4.2ms | Allocations: 823)
[Webpacker] Everything's up-to-date. Nothing to do
Completed 200 OK in 20ms (Views: 18.3ms | ActiveRecord: 0.3ms | Allocations: 4696)


Started GET "/memes" for ::1 at 2019-11-28 10:35:47 -0300
Processing by MemesController#index as HTML
  Rendering memes/index.html.erb within layouts/application
  Rendered layouts/_bootstrap.html.erb (Duration: 0.4ms | Allocations: 93)
  [1m[36mMeme Load (0.2ms)[0m  [1m[34mSELECT "memes".* FROM "memes"[0m
  ↳ app/views/memes/index.html.erb:19
  Rendered memes/index.html.erb within layouts/application (Duration: 4.3ms | Allocations: 1354)
[Webpacker] Everything's up-to-date. Nothing to do
Completed 200 OK in 19ms (Views: 17.4ms | ActiveRecord: 0.2ms | Allocations: 6164)


Started GET "/memes" for ::1 at 2019-11-28 10:35:48 -0300
Processing by MemesController#index as HTML
  Rendering memes/index.html.erb within layouts/application
  Rendered layouts/_bootstrap.html.erb (Duration: 0.0ms | Allocations: 6)
  [1m[36mMeme Load (0.3ms)[0m  [1m[34mSELECT "memes".* FROM "memes"[0m
  ↳ app/views/memes/index.html.erb:19
  Rendered memes/index.html.erb within layouts/application (Duration: 3.0ms | Allocations: 827)
[Webpacker] Everything's up-to-date. Nothing to do
Completed 200 OK in 11ms (Views: 9.4ms | ActiveRecord: 0.3ms | Allocations: 4705)


Started GET "/memes" for ::1 at 2019-11-28 10:36:45 -0300
Processing by MemesController#index as HTML
  Rendering memes/index.html.erb within layouts/application
  Rendered memes/index.html.erb within layouts/application (Duration: 3.2ms | Allocations: 1555)
Completed 500 Internal Server Error in 8ms (ActiveRecord: 0.0ms | Allocations: 2729)


  
ActionView::Template::Error (Missing partial /_bootstrap with {:locale=>[:en], :formats=>[:html], :variants=>[], :handlers=>[:raw, :erb, :html, :builder, :ruby, :jbuilder]}. Searched in:
  * "/Users/youse/Desktop/AppTeste/paralelo/app/views"
  * "/Users/youse/.rvm/gems/ruby-2.6.3/gems/actiontext-6.0.1/app/views"
  * "/Users/youse/.rvm/gems/ruby-2.6.3/gems/actionmailbox-6.0.1/app/views"
):
    1: <% render "/bootstrap" %>
    2: 
    3: <p id="notice"><%= notice %></p>
    4: 
  
app/views/memes/index.html.erb:1
Started GET "/memes" for ::1 at 2019-11-28 10:36:54 -0300
Processing by MemesController#index as HTML
  Rendering memes/index.html.erb within layouts/application
  Rendered memes/_bootstrap.html.erb (Duration: 0.5ms | Allocations: 95)
  [1m[36mMeme Load (0.2ms)[0m  [1m[34mSELECT "memes".* FROM "memes"[0m
  ↳ app/views/memes/index.html.erb:19
  Rendered memes/index.html.erb within layouts/application (Duration: 5.4ms | Allocations: 1350)
[Webpacker] Everything's up-to-date. Nothing to do
Completed 200 OK in 20ms (Views: 18.2ms | ActiveRecord: 0.2ms | Allocations: 6161)


Started GET "/memes" for ::1 at 2019-11-28 10:37:10 -0300
Processing by MemesController#index as HTML
  Rendering memes/index.html.erb within layouts/application
  Rendered memes/_bootstrap.html.erb (Duration: 0.5ms | Allocations: 93)
  [1m[36mMeme Load (0.2ms)[0m  [1m[34mSELECT "memes".* FROM "memes"[0m
  ↳ app/views/memes/index.html.erb:19
  Rendered memes/index.html.erb within layouts/application (Duration: 4.9ms | Allocations: 1350)
[Webpacker] Everything's up-to-date. Nothing to do
Completed 200 OK in 22ms (Views: 19.9ms | ActiveRecord: 0.2ms | Allocations: 6157)


Started GET "/memes" for ::1 at 2019-11-28 10:37:14 -0300
Processing by MemesController#index as HTML
  Rendering memes/index.html.erb within layouts/application
  Rendered memes/_bootstrap.html.erb (Duration: 0.1ms | Allocations: 6)
  [1m[36mMeme Load (0.2ms)[0m  [1m[34mSELECT "memes".* FROM "memes"[0m
  ↳ app/views/memes/index.html.erb:19
  Rendered memes/index.html.erb within layouts/application (Duration: 2.7ms | Allocations: 824)
[Webpacker] Everything's up-to-date. Nothing to do
Completed 200 OK in 13ms (Views: 10.9ms | ActiveRecord: 0.2ms | Allocations: 4699)


Started GET "/memes" for ::1 at 2019-11-28 10:37:14 -0300
Processing by MemesController#index as HTML
  Rendering memes/index.html.erb within layouts/application
  Rendered memes/_bootstrap.html.erb (Duration: 0.0ms | Allocations: 6)
  [1m[36mMeme Load (0.2ms)[0m  [1m[34mSELECT "memes".* FROM "memes"[0m
  ↳ app/views/memes/index.html.erb:19
  Rendered memes/index.html.erb within layouts/application (Duration: 1.9ms | Allocations: 822)
[Webpacker] Everything's up-to-date. Nothing to do
Completed 200 OK in 11ms (Views: 10.4ms | ActiveRecord: 0.2ms | Allocations: 4697)


Started GET "/memes" for ::1 at 2019-11-28 10:37:15 -0300
Processing by MemesController#index as HTML
  Rendering memes/index.html.erb within layouts/application
  Rendered memes/_bootstrap.html.erb (Duration: 0.0ms | Allocations: 6)
  [1m[36mMeme Load (0.2ms)[0m  [1m[34mSELECT "memes".* FROM "memes"[0m
  ↳ app/views/memes/index.html.erb:19
  Rendered memes/index.html.erb within layouts/application (Duration: 1.7ms | Allocations: 814)
[Webpacker] Everything's up-to-date. Nothing to do
Completed 200 OK in 11ms (Views: 10.5ms | ActiveRecord: 0.2ms | Allocations: 4687)


Started GET "/memes" for ::1 at 2019-11-28 10:37:16 -0300
Processing by MemesController#index as HTML
  Rendering memes/index.html.erb within layouts/application
  Rendered memes/_bootstrap.html.erb (Duration: 0.1ms | Allocations: 6)
  [1m[36mMeme Load (0.3ms)[0m  [1m[34mSELECT "memes".* FROM "memes"[0m
  ↳ app/views/memes/index.html.erb:19
  Rendered memes/index.html.erb within layouts/application (Duration: 2.5ms | Allocations: 814)
[Webpacker] Everything's up-to-date. Nothing to do
Completed 200 OK in 12ms (Views: 10.1ms | ActiveRecord: 0.3ms | Allocations: 4689)


Started GET "/memes" for ::1 at 2019-11-28 10:39:52 -0300
Processing by MemesController#index as HTML
  Rendering memes/index.html.erb within layouts/application
  Rendered memes/_bootstrap.html.erb (Duration: 0.8ms | Allocations: 93)
  [1m[36mMeme Load (0.4ms)[0m  [1m[34mSELECT "memes".* FROM "memes"[0m
  ↳ app/views/memes/index.html.erb:19
  Rendered memes/index.html.erb within layouts/application (Duration: 6.3ms | Allocations: 1356)
[Webpacker] Everything's up-to-date. Nothing to do
Completed 200 OK in 21ms (Views: 19.3ms | ActiveRecord: 0.4ms | Allocations: 6172)


Started GET "/memes" for ::1 at 2019-11-28 10:40:25 -0300
Processing by MemesController#index as HTML
  Rendering memes/index.html.erb within layouts/application
  Rendered memes/_bootstrap.html.erb (Duration: 0.5ms | Allocations: 93)
  [1m[36mMeme Load (0.3ms)[0m  [1m[34mSELECT "memes".* FROM "memes"[0m
  ↳ app/views/memes/index.html.erb:21
  Rendered memes/index.html.erb within layouts/application (Duration: 5.5ms | Allocations: 1359)
[Webpacker] Everything's up-to-date. Nothing to do
Completed 200 OK in 23ms (Views: 18.5ms | ActiveRecord: 0.3ms | Allocations: 6165)


Started GET "/memes" for ::1 at 2019-11-28 10:41:40 -0300
Processing by MemesController#index as HTML
  Rendering memes/index.html.erb within layouts/application
  Rendered memes/_bootstrap.html.erb (Duration: 0.4ms | Allocations: 88)
  [1m[36mMeme Load (0.3ms)[0m  [1m[34mSELECT "memes".* FROM "memes"[0m
  ↳ app/views/memes/index.html.erb:19
  Rendered memes/index.html.erb within layouts/application (Duration: 4.1ms | Allocations: 1351)
[Webpacker] Everything's up-to-date. Nothing to do
Completed 200 OK in 21ms (Views: 18.9ms | ActiveRecord: 0.3ms | Allocations: 6161)


Started GET "/memes" for ::1 at 2019-11-28 10:41:41 -0300
Processing by MemesController#index as HTML
  Rendering memes/index.html.erb within layouts/application
  Rendered memes/_bootstrap.html.erb (Duration: 0.0ms | Allocations: 6)
  [1m[36mMeme Load (0.2ms)[0m  [1m[34mSELECT "memes".* FROM "memes"[0m
  ↳ app/views/memes/index.html.erb:19
  Rendered memes/index.html.erb within layouts/application (Duration: 2.5ms | Allocations: 823)
[Webpacker] Everything's up-to-date. Nothing to do
Completed 200 OK in 12ms (Views: 11.2ms | ActiveRecord: 0.2ms | Allocations: 4702)


Started GET "/memes" for ::1 at 2019-11-28 10:41:41 -0300
Processing by MemesController#index as HTML
  Rendering memes/index.html.erb within layouts/application
  Rendered memes/_bootstrap.html.erb (Duration: 0.0ms | Allocations: 6)
  [1m[36mMeme Load (0.2ms)[0m  [1m[34mSELECT "memes".* FROM "memes"[0m
  ↳ app/views/memes/index.html.erb:19
  Rendered memes/index.html.erb within layouts/application (Duration: 1.8ms | Allocations: 814)
[Webpacker] Everything's up-to-date. Nothing to do
Completed 200 OK in 10ms (Views: 9.3ms | ActiveRecord: 0.2ms | Allocations: 4683)


Started GET "/memes" for ::1 at 2019-11-28 10:41:42 -0300
Processing by MemesController#index as HTML
  Rendering memes/index.html.erb within layouts/application
  Rendered memes/_bootstrap.html.erb (Duration: 0.0ms | Allocations: 6)
  [1m[36mMeme Load (0.1ms)[0m  [1m[34mSELECT "memes".* FROM "memes"[0m
  ↳ app/views/memes/index.html.erb:19
  Rendered memes/index.html.erb within layouts/application (Duration: 1.6ms | Allocations: 814)
[Webpacker] Everything's up-to-date. Nothing to do
Completed 200 OK in 10ms (Views: 9.1ms | ActiveRecord: 0.1ms | Allocations: 4690)


Started GET "/memes" for ::1 at 2019-11-28 10:41:42 -0300
Processing by MemesController#index as HTML
  Rendering memes/index.html.erb within layouts/application
  Rendered memes/_bootstrap.html.erb (Duration: 0.1ms | Allocations: 6)
  [1m[36mMeme Load (0.2ms)[0m  [1m[34mSELECT "memes".* FROM "memes"[0m
  ↳ app/views/memes/index.html.erb:19
  Rendered memes/index.html.erb within layouts/application (Duration: 2.6ms | Allocations: 814)
[Webpacker] Everything's up-to-date. Nothing to do
Completed 200 OK in 11ms (Views: 9.4ms | ActiveRecord: 0.2ms | Allocations: 4688)


Started GET "/memes" for ::1 at 2019-11-28 10:41:43 -0300
Processing by MemesController#index as HTML
  Rendering memes/index.html.erb within layouts/application
  Rendered memes/_bootstrap.html.erb (Duration: 0.0ms | Allocations: 6)
  [1m[36mMeme Load (0.3ms)[0m  [1m[34mSELECT "memes".* FROM "memes"[0m
  ↳ app/views/memes/index.html.erb:19
  Rendered memes/index.html.erb within layouts/application (Duration: 2.6ms | Allocations: 814)
[Webpacker] Everything's up-to-date. Nothing to do
Completed 200 OK in 13ms (Views: 12.0ms | ActiveRecord: 0.3ms | Allocations: 4688)


Started GET "/memes" for ::1 at 2019-11-28 10:42:00 -0300
Processing by MemesController#index as HTML
  Rendering memes/index.html.erb within layouts/application
  Rendered memes/_bootstrap.html.erb (Duration: 0.6ms | Allocations: 88)
  [1m[36mMeme Load (0.2ms)[0m  [1m[34mSELECT "memes".* FROM "memes"[0m
  ↳ app/views/memes/index.html.erb:19
  Rendered memes/index.html.erb within layouts/application (Duration: 5.8ms | Allocations: 1345)
[Webpacker] Everything's up-to-date. Nothing to do
Completed 200 OK in 28ms (Views: 20.1ms | ActiveRecord: 0.2ms | Allocations: 6155)


Started GET "/memes" for ::1 at 2019-11-28 10:42:15 -0300
Processing by MemesController#index as HTML
  Rendering memes/index.html.erb within layouts/application
  Rendered memes/_bootstrap.html.erb (Duration: 0.5ms | Allocations: 87)
  [1m[36mMeme Load (0.3ms)[0m  [1m[34mSELECT "memes".* FROM "memes"[0m
  ↳ app/views/memes/index.html.erb:19
  Rendered memes/index.html.erb within layouts/application (Duration: 4.7ms | Allocations: 1344)
[Webpacker] Everything's up-to-date. Nothing to do
Completed 200 OK in 17ms (Views: 14.7ms | ActiveRecord: 0.3ms | Allocations: 6146)


Started GET "/memes" for ::1 at 2019-11-28 10:43:05 -0300
Processing by MemesController#index as HTML
  Rendering memes/index.html.erb within layouts/application
  Rendered memes/_bootstrap.html.erb (Duration: 0.6ms | Allocations: 87)
  [1m[36mMeme Load (0.5ms)[0m  [1m[34mSELECT "memes".* FROM "memes"[0m
  ↳ app/views/memes/index.html.erb:19
  Rendered memes/index.html.erb within layouts/application (Duration: 7.0ms | Allocations: 1353)
[Webpacker] Everything's up-to-date. Nothing to do
Completed 200 OK in 23ms (Views: 18.8ms | ActiveRecord: 0.5ms | Allocations: 6170)


Started GET "/memes" for ::1 at 2019-11-28 10:43:33 -0300
Processing by MemesController#index as HTML
  Rendering memes/index.html.erb within layouts/application
  Rendered memes/_bootstrap.html.erb (Duration: 0.5ms | Allocations: 87)
  [1m[36mMeme Load (0.9ms)[0m  [1m[34mSELECT "memes".* FROM "memes"[0m
  ↳ app/views/memes/index.html.erb:19
  Rendered memes/index.html.erb within layouts/application (Duration: 7.0ms | Allocations: 1347)
[Webpacker] Everything's up-to-date. Nothing to do
Completed 200 OK in 33ms (Views: 27.7ms | ActiveRecord: 0.9ms | Allocations: 6150)


Started GET "/memes" for ::1 at 2019-11-28 10:44:51 -0300
Processing by MemesController#index as HTML
  Rendering memes/index.html.erb within layouts/application
  Rendered memes/_bootstrap.html.erb (Duration: 0.5ms | Allocations: 88)
  [1m[36mMeme Load (0.3ms)[0m  [1m[34mSELECT "memes".* FROM "memes"[0m
  ↳ app/views/memes/index.html.erb:19
  Rendered memes/index.html.erb within layouts/application (Duration: 4.6ms | Allocations: 1347)
[Webpacker] Everything's up-to-date. Nothing to do
Completed 200 OK in 19ms (Views: 17.6ms | ActiveRecord: 0.3ms | Allocations: 6152)


Started GET "/memes" for ::1 at 2019-11-28 10:45:43 -0300
Processing by MemesController#index as HTML
  Rendering memes/index.html.erb within layouts/application
  Rendered memes/_bootstrap.html.erb (Duration: 0.5ms | Allocations: 87)
  [1m[36mMeme Load (0.2ms)[0m  [1m[34mSELECT "memes".* FROM "memes"[0m
  ↳ app/views/memes/index.html.erb:25
  Rendered memes/index.html.erb within layouts/application (Duration: 4.4ms | Allocations: 1359)
[Webpacker] Everything's up-to-date. Nothing to do
Completed 200 OK in 21ms (Views: 19.2ms | ActiveRecord: 0.2ms | Allocations: 6161)


Started GET "/memes" for ::1 at 2019-11-28 10:46:00 -0300
Processing by MemesController#index as HTML
  Rendering memes/index.html.erb within layouts/application
  Rendered memes/_bootstrap.html.erb (Duration: 0.6ms | Allocations: 87)
  [1m[36mMeme Load (0.3ms)[0m  [1m[34mSELECT "memes".* FROM "memes"[0m
  ↳ app/views/memes/index.html.erb:25
  Rendered memes/index.html.erb within layouts/application (Duration: 6.3ms | Allocations: 1358)
[Webpacker] Everything's up-to-date. Nothing to do
Completed 200 OK in 22ms (Views: 19.4ms | ActiveRecord: 0.3ms | Allocations: 6163)


Started GET "/memes" for ::1 at 2019-11-28 10:46:01 -0300
Processing by MemesController#index as HTML
  Rendering memes/index.html.erb within layouts/application
  Rendered memes/_bootstrap.html.erb (Duration: 0.0ms | Allocations: 6)
  [1m[36mMeme Load (0.1ms)[0m  [1m[34mSELECT "memes".* FROM "memes"[0m
  ↳ app/views/memes/index.html.erb:25
  Rendered memes/index.html.erb within layouts/application (Duration: 1.6ms | Allocations: 823)
[Webpacker] Everything's up-to-date. Nothing to do
Completed 200 OK in 10ms (Views: 9.1ms | ActiveRecord: 0.1ms | Allocations: 4698)


Started GET "/memes" for ::1 at 2019-11-28 10:51:24 -0300
  [1m[35m (0.8ms)[0m  [1m[34mSELECT sqlite_version(*)[0m
  [1m[35m (0.3ms)[0m  [1m[34mSELECT "schema_migrations"."version" FROM "schema_migrations" ORDER BY "schema_migrations"."version" ASC[0m
Processing by MemesController#index as HTML
  Rendering memes/index.html.erb within layouts/application
  Rendered memes/_bootstrap.html.erb (Duration: 0.4ms | Allocations: 234)
  [1m[36mMeme Load (0.4ms)[0m  [1m[34mSELECT "memes".* FROM "memes"[0m
  ↳ app/views/memes/index.html.erb:19
  Rendered memes/index.html.erb within layouts/application (Duration: 17.9ms | Allocations: 6693)
[Webpacker] Everything's up-to-date. Nothing to do
Completed 200 OK in 1796ms (Views: 1785.9ms | ActiveRecord: 1.5ms | Allocations: 32189)


Started GET "/memes" for ::1 at 2019-11-28 11:09:03 -0300
  [1m[35m (2.1ms)[0m  [1m[34mSELECT sqlite_version(*)[0m
  [1m[35m (0.2ms)[0m  [1m[34mSELECT "schema_migrations"."version" FROM "schema_migrations" ORDER BY "schema_migrations"."version" ASC[0m
Processing by MemesController#index as HTML
  Rendering memes/index.html.erb within layouts/application
  Rendered memes/_bootstrap.html.erb (Duration: 0.5ms | Allocations: 90)
  [1m[36mMeme Load (0.3ms)[0m  [1m[34mSELECT "memes".* FROM "memes"[0m
  ↳ app/views/memes/index.html.erb:19
  Rendered memes/index.html.erb within layouts/application (Duration: 16.7ms | Allocations: 6300)
[Webpacker] Compiling...
[Webpacker] Compilation failed:
Hash: 572579d669eac553988c
Version: webpack 4.41.2
Time: 1252ms
Built at: 28/11/2019 12:09:08
                                     Asset       Size       Chunks                         Chunk Names
    js/application-4fb5fe1eb609a33fdc5f.js    124 KiB  application  [emitted] [immutable]  application
js/application-4fb5fe1eb609a33fdc5f.js.map    139 KiB  application  [emitted] [dev]        application
                             manifest.json  364 bytes               [emitted]              
Entrypoint application = js/application-4fb5fe1eb609a33fdc5f.js js/application-4fb5fe1eb609a33fdc5f.js.map
[./app/javascript/channels sync recursive _channel\.js$] ./app/javascript/channels sync _channel\.js$ 160 bytes {application} [built]
[./app/javascript/channels/index.js] 211 bytes {application} [built]
[./app/javascript/packs/application.js] 790 bytes {application} [built]
[./node_modules/webpack/buildin/module.js] (webpack)/buildin/module.js 552 bytes {application} [built]
    + 3 hidden modules

ERROR in ./app/javascript/packs/application.js
Module not found: Error: Can't resolve 'bootstrap/dist/js/bootstrap' in '/Users/youse/Desktop/AppTeste/paralelo/app/javascript/packs'
 @ ./app/javascript/packs/application.js 13:0-38

Completed 200 OK in 4468ms (Views: 4457.0ms | ActiveRecord: 1.2ms | Allocations: 25775)


Started GET "/memes" for ::1 at 2019-11-28 11:11:10 -0300
Processing by MemesController#index as HTML
  Rendering memes/index.html.erb within layouts/application
  Rendered memes/_bootstrap.html.erb (Duration: 0.1ms | Allocations: 6)
  [1m[36mMeme Load (0.2ms)[0m  [1m[34mSELECT "memes".* FROM "memes"[0m
  ↳ app/views/memes/index.html.erb:19
  Rendered memes/index.html.erb within layouts/application (Duration: 4.6ms | Allocations: 833)
[Webpacker] Everything's up-to-date. Nothing to do
Completed 200 OK in 30ms (Views: 26.3ms | ActiveRecord: 0.2ms | Allocations: 4729)


Started GET "/memes" for ::1 at 2019-11-28 11:57:47 -0300
  [1m[35m (0.2ms)[0m  [1m[34mSELECT sqlite_version(*)[0m
Processing by MemesController#index as HTML
  Rendering memes/index.html.erb within layouts/application
  Rendered memes/index.html.erb within layouts/application (Duration: 33.1ms | Allocations: 5301)
Completed 500 Internal Server Error in 46ms (ActiveRecord: 0.0ms | Allocations: 6484)


  
ActionView::Template::Error (Missing partial memes/_bootstrap, application/_bootstrap with {:locale=>[:en], :formats=>[:html], :variants=>[], :handlers=>[:raw, :erb, :html, :builder, :ruby, :jbuilder]}. Searched in:
  * "/Users/youse/Desktop/AppTeste/paralelo/app/views"
  * "/Users/youse/.rvm/gems/ruby-2.6.3/gems/actiontext-6.0.1/app/views"
  * "/Users/youse/.rvm/gems/ruby-2.6.3/gems/actionmailbox-6.0.1/app/views"
):
    1: <%= render 'bootstrap' %>
    2: 
    3: <p id="notice"><%= notice %></p>
    4: 
  
app/views/memes/index.html.erb:1
Started GET "/memes" for ::1 at 2019-11-28 11:58:16 -0300
Processing by MemesController#index as HTML
  Rendering memes/index.html.erb within layouts/application
  Rendered layouts/_bootstrap.html.erb (Duration: 0.5ms | Allocations: 90)
  [1m[36mMeme Load (0.3ms)[0m  [1m[34mSELECT "memes".* FROM "memes"[0m
  ↳ app/views/memes/index.html.erb:19
  Rendered memes/index.html.erb within layouts/application (Duration: 5.4ms | Allocations: 1400)
Completed 500 Internal Server Error in 12ms (ActiveRecord: 0.3ms | Allocations: 3627)


  
ActionView::SyntaxErrorInTemplate (Encountered a syntax error while rendering template: check <!DOCTYPE html>
<html>
<%= render '/
<head>
    <title>Paralelo</title>
    <%= csrf_meta_tags %>
    <%= csp_meta_tag %>

    <%= stylesheet_link_tag 'application', media: 'all', 'data-turbolinks-track': 'reload' %>
    <%= javascript_pack_tag 'application', 'data-turbolinks-track': 'reload' %>
  </head>

  <body>
    <%= yield %>
  </body>
</html>

):
1:    <!DOCTYPE html>
2:    <html>
3:    <%= render '/
4:    <head>
5:        <title>Paralelo</title>
6:        <%= csrf_meta_tags %>
7:        <%= csp_meta_tag %>
8:    
9:        <%= stylesheet_link_tag 'application', media: 'all', 'data-turbolinks-track': 'reload' %>
10:        <%= javascript_pack_tag 'application', 'data-turbolinks-track': 'reload' %>
11:      </head>
12:    
13:      <body>
14:        <%= yield %>
15:      </body>
16:    </html>
  
app/views/layouts/application.html.erb:9: syntax error, unexpected tIDENTIFIER, expecting ')'
app/views/layouts/application.html.erb:9: syntax error, unexpected tIDENTIFIER, expecting ')'
app/views/layouts/application.html.erb:9: syntax error, unexpected tIDENTIFIER, expecting ')'
app/views/layouts/application.html.erb:9: syntax error, unexpected tSTRING_BEG, expecting do or '{' or '('
app/views/layouts/application.html.erb:9: syntax error, unexpected tIDENTIFIER, expecting ')'
app/views/layouts/application.html.erb:10: syntax error, unexpected tIDENTIFIER, expecting ')'
app/views/layouts/application.html.erb:10: syntax error, unexpected tIDENTIFIER, expecting ')'
app/views/layouts/application.html.erb:10: syntax error, unexpected tSTRING_BEG, expecting do or '{' or '('
app/views/layouts/application.html.erb:10: syntax error, unexpected tIDENTIFIER, expecting ')'
app/views/layouts/application.html.erb:11: syntax error, unexpected '<', expecting ')'
app/views/layouts/application.html.erb:15: unknown regexp options - bdy
app/views/layouts/application.html.erb:16: syntax error, unexpected '<'
app/views/layouts/application.html.erb:19: unterminated regexp meets end of file
app/views/layouts/application.html.erb:19: syntax error, unexpected end-of-input, expecting ')'
app/views/layouts/application.html.erb:9: syntax error, unexpected tIDENTIFIER, expecting ')'
app/views/layouts/application.html.erb:9: syntax error, unexpected tIDENTIFIER, expecting ')'
app/views/layouts/application.html.erb:9: syntax error, unexpected tIDENTIFIER, expecting ')'
app/views/layouts/application.html.erb:9: syntax error, unexpected tSTRING_BEG, expecting do or '{' or '('
app/views/layouts/application.html.erb:9: syntax error, unexpected tIDENTIFIER, expecting ')'
app/views/layouts/application.html.erb:10: syntax error, unexpected tIDENTIFIER, expecting ')'
app/views/layouts/application.html.erb:10: syntax error, unexpected tIDENTIFIER, expecting ')'
app/views/layouts/application.html.erb:10: syntax error, unexpected tSTRING_BEG, expecting do or '{' or '('
app/views/layouts/application.html.erb:10: syntax error, unexpected tIDENTIFIER, expecting ')'
app/views/layouts/application.html.erb:11: syntax error, unexpected '<', expecting ')'
app/views/layouts/application.html.erb:15: unknown regexp options - bdy
app/views/layouts/application.html.erb:16: syntax error, unexpected '<'
app/views/layouts/application.html.erb:19: unterminated regexp meets end of file
app/views/layouts/application.html.erb:19: syntax error, unexpected end-of-input, expecting ')'
app/views/layouts/application.html.erb:9: syntax error, unexpected tIDENTIFIER, expecting ')'
app/views/layouts/application.html.erb:9: syntax error, unexpected tIDENTIFIER, expecting ')'
app/views/layouts/application.html.erb:9: syntax error, unexpected tIDENTIFIER, expecting ')'
app/views/layouts/application.html.erb:9: syntax error, unexpected tSTRING_BEG, expecting do or '{' or '('
app/views/layouts/application.html.erb:9: syntax error, unexpected tIDENTIFIER, expecting ')'
app/views/layouts/application.html.erb:10: syntax error, unexpected tIDENTIFIER, expecting ')'
app/views/layouts/application.html.erb:10: syntax error, unexpected tIDENTIFIER, expecting ')'
app/views/layouts/application.html.erb:10: syntax error, unexpected tSTRING_BEG, expecting do or '{' or '('
app/views/layouts/application.html.erb:10: syntax error, unexpected tIDENTIFIER, expecting ')'
app/views/layouts/application.html.erb:11: syntax error, unexpected '<', expecting ')'
app/views/layouts/application.html.erb:15: unknown regexp options - bdy
app/views/layouts/application.html.erb:16: syntax error, unexpected '<'
app/views/layouts/application.html.erb:19: unterminated regexp meets end of file
app/views/layouts/application.html.erb:19: syntax error, unexpected end-of-input, expecting ')'
app/views/layouts/application.html.erb:9: syntax error, unexpected tIDENTIFIER, expecting ')'
app/views/layouts/application.html.erb:9: syntax error, unexpected tIDENTIFIER, expecting ')'
app/views/layouts/application.html.erb:9: syntax error, unexpected tIDENTIFIER, expecting ')'
app/views/layouts/application.html.erb:9: syntax error, unexpected tSTRING_BEG, expecting do or '{' or '('
app/views/layouts/application.html.erb:9: syntax error, unexpected tIDENTIFIER, expecting ')'
app/views/layouts/application.html.erb:10: syntax error, unexpected tIDENTIFIER, expecting ')'
app/views/layouts/application.html.erb:10: syntax error, unexpected tIDENTIFIER, expecting ')'
app/views/layouts/application.html.erb:10: syntax error, unexpected tSTRING_BEG, expecting do or '{' or '('
app/views/layouts/application.html.erb:10: syntax error, unexpected tIDENTIFIER, expecting ')'
app/views/layouts/application.html.erb:11: syntax error, unexpected '<', expecting ')'
app/views/layouts/application.html.erb:15: unknown regexp options - bdy
app/views/layouts/application.html.erb:16: syntax error, unexpected '<'
app/views/layouts/application.html.erb:19: unterminated regexp meets end of file
app/views/layouts/application.html.erb:19: syntax error, unexpected end-of-input, expecting ')'
app/views/layouts/application.html.erb:9: syntax error, unexpected tIDENTIFIER, expecting ')'
app/views/layouts/application.html.erb:9: syntax error, unexpected tIDENTIFIER, expecting ')'
app/views/layouts/application.html.erb:9: syntax error, unexpected tIDENTIFIER, expecting ')'
app/views/layouts/application.html.erb:9: syntax error, unexpected tSTRING_BEG, expecting do or '{' or '('
app/views/layouts/application.html.erb:9: syntax error, unexpected tIDENTIFIER, expecting ')'
app/views/layouts/application.html.erb:10: syntax error, unexpected tIDENTIFIER, expecting ')'
app/views/layouts/application.html.erb:10: syntax error, unexpected tIDENTIFIER, expecting ')'
app/views/layouts/application.html.erb:10: syntax error, unexpected tSTRING_BEG, expecting do or '{' or '('
app/views/layouts/application.html.erb:10: syntax error, unexpected tIDENTIFIER, expecting ')'
app/views/layouts/application.html.erb:11: syntax error, unexpected '<', expecting ')'
app/views/layouts/application.html.erb:15: unknown regexp options - bdy
app/views/layouts/application.html.erb:16: syntax error, unexpected '<'
app/views/layouts/application.html.erb:19: unterminated regexp meets end of file
app/views/layouts/application.html.erb:19: syntax error, unexpected end-of-input, expecting ')'
app/views/layouts/application.html.erb:9: syntax error, unexpected tIDENTIFIER, expecting ')'
app/views/layouts/application.html.erb:9: syntax error, unexpected tIDENTIFIER, expecting ')'
app/views/layouts/application.html.erb:9: syntax error, unexpected tIDENTIFIER, expecting ')'
app/views/layouts/application.html.erb:9: syntax error, unexpected tSTRING_BEG, expecting do or '{' or '('
app/views/layouts/application.html.erb:9: syntax error, unexpected tIDENTIFIER, expecting ')'
app/views/layouts/application.html.erb:10: syntax error, unexpected tIDENTIFIER, expecting ')'
app/views/layouts/application.html.erb:10: syntax error, unexpected tIDENTIFIER, expecting ')'
app/views/layouts/application.html.erb:10: syntax error, unexpected tSTRING_BEG, expecting do or '{' or '('
app/views/layouts/application.html.erb:10: syntax error, unexpected tIDENTIFIER, expecting ')'
app/views/layouts/application.html.erb:11: syntax error, unexpected '<', expecting ')'
app/views/layouts/application.html.erb:15: unknown regexp options - bdy
app/views/layouts/application.html.erb:16: syntax error, unexpected '<'
app/views/layouts/application.html.erb:19: unterminated regexp meets end of file
app/views/layouts/application.html.erb:19: syntax error, unexpected end-of-input, expecting ')'
Started POST "/__web_console/repl_sessions/fb0c5250df3fc167657f609214803990/trace" for ::1 at 2019-11-28 11:59:25 -0300
Started GET "/" for ::1 at 2019-11-28 13:26:36 -0300
  [1m[35m (5.5ms)[0m  [1m[34mSELECT sqlite_version(*)[0m
  [1m[35m (1.4ms)[0m  [1m[34mSELECT "schema_migrations"."version" FROM "schema_migrations" ORDER BY "schema_migrations"."version" ASC[0m
Processing by Rails::WelcomeController#index as HTML
  Rendering /Users/youse/.rvm/gems/ruby-2.6.3/gems/railties-6.0.1/lib/rails/templates/rails/welcome/index.html.erb
  Rendered /Users/youse/.rvm/gems/ruby-2.6.3/gems/railties-6.0.1/lib/rails/templates/rails/welcome/index.html.erb (Duration: 11.7ms | Allocations: 481)
Completed 200 OK in 35ms (Views: 22.1ms | ActiveRecord: 0.0ms | Allocations: 2791)


Started GET "/memes" for ::1 at 2019-11-28 13:26:45 -0300
Processing by MemesController#index as HTML
  Rendering memes/index.html.erb within layouts/application
  Rendered layouts/_bootstrap.html.erb (Duration: 2.2ms | Allocations: 89)
  [1m[36mMeme Load (1.7ms)[0m  [1m[34mSELECT "memes".* FROM "memes"[0m
  ↳ app/views/memes/index.html.erb:19
  Rendered memes/index.html.erb within layouts/application (Duration: 30.9ms | Allocations: 6192)
Completed 500 Internal Server Error in 64ms (ActiveRecord: 3.2ms | Allocations: 11757)


Started GET "/memes" for ::1 at 2019-11-28 13:26:50 -0300
Processing by MemesController#index as HTML
  Rendering memes/index.html.erb within layouts/application
  Rendered layouts/_bootstrap.html.erb (Duration: 0.1ms | Allocations: 6)
  [1m[36mMeme Load (0.6ms)[0m  [1m[34mSELECT "memes".* FROM "memes"[0m
  ↳ app/views/memes/index.html.erb:19
  Rendered memes/index.html.erb within layouts/application (Duration: 3.8ms | Allocations: 827)
Completed 500 Internal Server Error in 10ms (ActiveRecord: 0.6ms | Allocations: 2224)


  
ActionView::SyntaxErrorInTemplate (Encountered a syntax error while rendering template: check <!DOCTYPE html>
<html>
<%= render '/
<head>
    <title>Paralelo</title>
    <%= csrf_meta_tags %>
    <%= csp_meta_tag %>

    <%= stylesheet_link_tag 'application', media: 'all', 'data-turbolinks-track': 'reload' %>
    <%= javascript_pack_tag 'application', 'data-turbolinks-track': 'reload' %>
  </head>

  <body>
    <%= yield %>
  </body>
</html>

):
1:    <!DOCTYPE html>
2:    <html>
3:    <%= render '/
4:    <head>
5:        <title>Paralelo</title>
6:        <%= csrf_meta_tags %>
7:        <%= csp_meta_tag %>
8:    
9:        <%= stylesheet_link_tag 'application', media: 'all', 'data-turbolinks-track': 'reload' %>
10:        <%= javascript_pack_tag 'application', 'data-turbolinks-track': 'reload' %>
11:      </head>
12:    
13:      <body>
14:        <%= yield %>
15:      </body>
16:    </html>
  
app/views/layouts/application.html.erb:9: syntax error, unexpected tIDENTIFIER, expecting ')'
app/views/layouts/application.html.erb:9: syntax error, unexpected tIDENTIFIER, expecting ')'
app/views/layouts/application.html.erb:9: syntax error, unexpected tIDENTIFIER, expecting ')'
app/views/layouts/application.html.erb:9: syntax error, unexpected tSTRING_BEG, expecting do or '{' or '('
app/views/layouts/application.html.erb:9: syntax error, unexpected tIDENTIFIER, expecting ')'
app/views/layouts/application.html.erb:10: syntax error, unexpected tIDENTIFIER, expecting ')'
app/views/layouts/application.html.erb:10: syntax error, unexpected tIDENTIFIER, expecting ')'
app/views/layouts/application.html.erb:10: syntax error, unexpected tSTRING_BEG, expecting do or '{' or '('
app/views/layouts/application.html.erb:10: syntax error, unexpected tIDENTIFIER, expecting ')'
app/views/layouts/application.html.erb:11: syntax error, unexpected '<', expecting ')'
app/views/layouts/application.html.erb:15: unknown regexp options - bdy
app/views/layouts/application.html.erb:16: syntax error, unexpected '<'
app/views/layouts/application.html.erb:19: unterminated regexp meets end of file
app/views/layouts/application.html.erb:19: syntax error, unexpected end-of-input, expecting ')'
app/views/layouts/application.html.erb:9: syntax error, unexpected tIDENTIFIER, expecting ')'
app/views/layouts/application.html.erb:9: syntax error, unexpected tIDENTIFIER, expecting ')'
app/views/layouts/application.html.erb:9: syntax error, unexpected tIDENTIFIER, expecting ')'
app/views/layouts/application.html.erb:9: syntax error, unexpected tSTRING_BEG, expecting do or '{' or '('
app/views/layouts/application.html.erb:9: syntax error, unexpected tIDENTIFIER, expecting ')'
app/views/layouts/application.html.erb:10: syntax error, unexpected tIDENTIFIER, expecting ')'
app/views/layouts/application.html.erb:10: syntax error, unexpected tIDENTIFIER, expecting ')'
app/views/layouts/application.html.erb:10: syntax error, unexpected tSTRING_BEG, expecting do or '{' or '('
app/views/layouts/application.html.erb:10: syntax error, unexpected tIDENTIFIER, expecting ')'
app/views/layouts/application.html.erb:11: syntax error, unexpected '<', expecting ')'
app/views/layouts/application.html.erb:15: unknown regexp options - bdy
app/views/layouts/application.html.erb:16: syntax error, unexpected '<'
app/views/layouts/application.html.erb:19: unterminated regexp meets end of file
app/views/layouts/application.html.erb:19: syntax error, unexpected end-of-input, expecting ')'
app/views/layouts/application.html.erb:9: syntax error, unexpected tIDENTIFIER, expecting ')'
app/views/layouts/application.html.erb:9: syntax error, unexpected tIDENTIFIER, expecting ')'
app/views/layouts/application.html.erb:9: syntax error, unexpected tIDENTIFIER, expecting ')'
app/views/layouts/application.html.erb:9: syntax error, unexpected tSTRING_BEG, expecting do or '{' or '('
app/views/layouts/application.html.erb:9: syntax error, unexpected tIDENTIFIER, expecting ')'
app/views/layouts/application.html.erb:10: syntax error, unexpected tIDENTIFIER, expecting ')'
app/views/layouts/application.html.erb:10: syntax error, unexpected tIDENTIFIER, expecting ')'
app/views/layouts/application.html.erb:10: syntax error, unexpected tSTRING_BEG, expecting do or '{' or '('
app/views/layouts/application.html.erb:10: syntax error, unexpected tIDENTIFIER, expecting ')'
app/views/layouts/application.html.erb:11: syntax error, unexpected '<', expecting ')'
app/views/layouts/application.html.erb:15: unknown regexp options - bdy
app/views/layouts/application.html.erb:16: syntax error, unexpected '<'
app/views/layouts/application.html.erb:19: unterminated regexp meets end of file
app/views/layouts/application.html.erb:19: syntax error, unexpected end-of-input, expecting ')'
app/views/layouts/application.html.erb:9: syntax error, unexpected tIDENTIFIER, expecting ')'
app/views/layouts/application.html.erb:9: syntax error, unexpected tIDENTIFIER, expecting ')'
app/views/layouts/application.html.erb:9: syntax error, unexpected tIDENTIFIER, expecting ')'
app/views/layouts/application.html.erb:9: syntax error, unexpected tSTRING_BEG, expecting do or '{' or '('
app/views/layouts/application.html.erb:9: syntax error, unexpected tIDENTIFIER, expecting ')'
app/views/layouts/application.html.erb:10: syntax error, unexpected tIDENTIFIER, expecting ')'
app/views/layouts/application.html.erb:10: syntax error, unexpected tIDENTIFIER, expecting ')'
app/views/layouts/application.html.erb:10: syntax error, unexpected tSTRING_BEG, expecting do or '{' or '('
app/views/layouts/application.html.erb:10: syntax error, unexpected tIDENTIFIER, expecting ')'
app/views/layouts/application.html.erb:11: syntax error, unexpected '<', expecting ')'
app/views/layouts/application.html.erb:15: unknown regexp options - bdy
app/views/layouts/application.html.erb:16: syntax error, unexpected '<'
app/views/layouts/application.html.erb:19: unterminated regexp meets end of file
app/views/layouts/application.html.erb:19: syntax error, unexpected end-of-input, expecting ')'
app/views/layouts/application.html.erb:9: syntax error, unexpected tIDENTIFIER, expecting ')'
app/views/layouts/application.html.erb:9: syntax error, unexpected tIDENTIFIER, expecting ')'
app/views/layouts/application.html.erb:9: syntax error, unexpected tIDENTIFIER, expecting ')'
app/views/layouts/application.html.erb:9: syntax error, unexpected tSTRING_BEG, expecting do or '{' or '('
app/views/layouts/application.html.erb:9: syntax error, unexpected tIDENTIFIER, expecting ')'
app/views/layouts/application.html.erb:10: syntax error, unexpected tIDENTIFIER, expecting ')'
app/views/layouts/application.html.erb:10: syntax error, unexpected tIDENTIFIER, expecting ')'
app/views/layouts/application.html.erb:10: syntax error, unexpected tSTRING_BEG, expecting do or '{' or '('
app/views/layouts/application.html.erb:10: syntax error, unexpected tIDENTIFIER, expecting ')'
app/views/layouts/application.html.erb:11: syntax error, unexpected '<', expecting ')'
app/views/layouts/application.html.erb:15: unknown regexp options - bdy
app/views/layouts/application.html.erb:16: syntax error, unexpected '<'
app/views/layouts/application.html.erb:19: unterminated regexp meets end of file
app/views/layouts/application.html.erb:19: syntax error, unexpected end-of-input, expecting ')'
app/views/layouts/application.html.erb:9: syntax error, unexpected tIDENTIFIER, expecting ')'
app/views/layouts/application.html.erb:9: syntax error, unexpected tIDENTIFIER, expecting ')'
app/views/layouts/application.html.erb:9: syntax error, unexpected tIDENTIFIER, expecting ')'
app/views/layouts/application.html.erb:9: syntax error, unexpected tSTRING_BEG, expecting do or '{' or '('
app/views/layouts/application.html.erb:9: syntax error, unexpected tIDENTIFIER, expecting ')'
app/views/layouts/application.html.erb:10: syntax error, unexpected tIDENTIFIER, expecting ')'
app/views/layouts/application.html.erb:10: syntax error, unexpected tIDENTIFIER, expecting ')'
app/views/layouts/application.html.erb:10: syntax error, unexpected tSTRING_BEG, expecting do or '{' or '('
app/views/layouts/application.html.erb:10: syntax error, unexpected tIDENTIFIER, expecting ')'
app/views/layouts/application.html.erb:11: syntax error, unexpected '<', expecting ')'
app/views/layouts/application.html.erb:15: unknown regexp options - bdy
app/views/layouts/application.html.erb:16: syntax error, unexpected '<'
app/views/layouts/application.html.erb:19: unterminated regexp meets end of file
app/views/layouts/application.html.erb:19: syntax error, unexpected end-of-input, expecting ')'
Started GET "/memes" for ::1 at 2019-11-28 13:29:00 -0300
Processing by MemesController#index as HTML
  Rendering memes/index.html.erb within layouts/application
  Rendered layouts/_bootstrap.html.erb (Duration: 0.1ms | Allocations: 6)
  [1m[36mMeme Load (0.3ms)[0m  [1m[34mSELECT "memes".* FROM "memes"[0m
  ↳ app/views/memes/index.html.erb:19
  Rendered memes/index.html.erb within layouts/application (Duration: 3.4ms | Allocations: 847)
Completed 500 Internal Server Error in 8ms (ActiveRecord: 0.3ms | Allocations: 2265)


  
ActionView::SyntaxErrorInTemplate (Encountered a syntax error while rendering template: check <!DOCTYPE html>
<html>
<%= render '/
<head>
    <title>Paralelo</title>
    <%= csrf_meta_tags %>
    <%= csp_meta_tag %>

    <%= stylesheet_link_tag 'application', media: 'all', 'data-turbolinks-track': 'reload' %>
    <%= javascript_pack_tag 'application', 'data-turbolinks-track': 'reload' %>
  </head>

  <body>
    <%= yield %>
  </body>
</html>

):
1:    <!DOCTYPE html>
2:    <html>
3:    <%= render '/
4:    <head>
5:        <title>Paralelo</title>
6:        <%= csrf_meta_tags %>
7:        <%= csp_meta_tag %>
8:    
9:        <%= stylesheet_link_tag 'application', media: 'all', 'data-turbolinks-track': 'reload' %>
10:        <%= javascript_pack_tag 'application', 'data-turbolinks-track': 'reload' %>
11:      </head>
12:    
13:      <body>
14:        <%= yield %>
15:      </body>
16:    </html>
  
app/views/layouts/application.html.erb:9: syntax error, unexpected tIDENTIFIER, expecting ')'
app/views/layouts/application.html.erb:9: syntax error, unexpected tIDENTIFIER, expecting ')'
app/views/layouts/application.html.erb:9: syntax error, unexpected tIDENTIFIER, expecting ')'
app/views/layouts/application.html.erb:9: syntax error, unexpected tSTRING_BEG, expecting do or '{' or '('
app/views/layouts/application.html.erb:9: syntax error, unexpected tIDENTIFIER, expecting ')'
app/views/layouts/application.html.erb:10: syntax error, unexpected tIDENTIFIER, expecting ')'
app/views/layouts/application.html.erb:10: syntax error, unexpected tIDENTIFIER, expecting ')'
app/views/layouts/application.html.erb:10: syntax error, unexpected tSTRING_BEG, expecting do or '{' or '('
app/views/layouts/application.html.erb:10: syntax error, unexpected tIDENTIFIER, expecting ')'
app/views/layouts/application.html.erb:11: syntax error, unexpected '<', expecting ')'
app/views/layouts/application.html.erb:15: unknown regexp options - bdy
app/views/layouts/application.html.erb:16: syntax error, unexpected '<'
app/views/layouts/application.html.erb:19: unterminated regexp meets end of file
app/views/layouts/application.html.erb:19: syntax error, unexpected end-of-input, expecting ')'
app/views/layouts/application.html.erb:9: syntax error, unexpected tIDENTIFIER, expecting ')'
app/views/layouts/application.html.erb:9: syntax error, unexpected tIDENTIFIER, expecting ')'
app/views/layouts/application.html.erb:9: syntax error, unexpected tIDENTIFIER, expecting ')'
app/views/layouts/application.html.erb:9: syntax error, unexpected tSTRING_BEG, expecting do or '{' or '('
app/views/layouts/application.html.erb:9: syntax error, unexpected tIDENTIFIER, expecting ')'
app/views/layouts/application.html.erb:10: syntax error, unexpected tIDENTIFIER, expecting ')'
app/views/layouts/application.html.erb:10: syntax error, unexpected tIDENTIFIER, expecting ')'
app/views/layouts/application.html.erb:10: syntax error, unexpected tSTRING_BEG, expecting do or '{' or '('
app/views/layouts/application.html.erb:10: syntax error, unexpected tIDENTIFIER, expecting ')'
app/views/layouts/application.html.erb:11: syntax error, unexpected '<', expecting ')'
app/views/layouts/application.html.erb:15: unknown regexp options - bdy
app/views/layouts/application.html.erb:16: syntax error, unexpected '<'
app/views/layouts/application.html.erb:19: unterminated regexp meets end of file
app/views/layouts/application.html.erb:19: syntax error, unexpected end-of-input, expecting ')'
app/views/layouts/application.html.erb:9: syntax error, unexpected tIDENTIFIER, expecting ')'
app/views/layouts/application.html.erb:9: syntax error, unexpected tIDENTIFIER, expecting ')'
app/views/layouts/application.html.erb:9: syntax error, unexpected tIDENTIFIER, expecting ')'
app/views/layouts/application.html.erb:9: syntax error, unexpected tSTRING_BEG, expecting do or '{' or '('
app/views/layouts/application.html.erb:9: syntax error, unexpected tIDENTIFIER, expecting ')'
app/views/layouts/application.html.erb:10: syntax error, unexpected tIDENTIFIER, expecting ')'
app/views/layouts/application.html.erb:10: syntax error, unexpected tIDENTIFIER, expecting ')'
app/views/layouts/application.html.erb:10: syntax error, unexpected tSTRING_BEG, expecting do or '{' or '('
app/views/layouts/application.html.erb:10: syntax error, unexpected tIDENTIFIER, expecting ')'
app/views/layouts/application.html.erb:11: syntax error, unexpected '<', expecting ')'
app/views/layouts/application.html.erb:15: unknown regexp options - bdy
app/views/layouts/application.html.erb:16: syntax error, unexpected '<'
app/views/layouts/application.html.erb:19: unterminated regexp meets end of file
app/views/layouts/application.html.erb:19: syntax error, unexpected end-of-input, expecting ')'
app/views/layouts/application.html.erb:9: syntax error, unexpected tIDENTIFIER, expecting ')'
app/views/layouts/application.html.erb:9: syntax error, unexpected tIDENTIFIER, expecting ')'
app/views/layouts/application.html.erb:9: syntax error, unexpected tIDENTIFIER, expecting ')'
app/views/layouts/application.html.erb:9: syntax error, unexpected tSTRING_BEG, expecting do or '{' or '('
app/views/layouts/application.html.erb:9: syntax error, unexpected tIDENTIFIER, expecting ')'
app/views/layouts/application.html.erb:10: syntax error, unexpected tIDENTIFIER, expecting ')'
app/views/layouts/application.html.erb:10: syntax error, unexpected tIDENTIFIER, expecting ')'
app/views/layouts/application.html.erb:10: syntax error, unexpected tSTRING_BEG, expecting do or '{' or '('
app/views/layouts/application.html.erb:10: syntax error, unexpected tIDENTIFIER, expecting ')'
app/views/layouts/application.html.erb:11: syntax error, unexpected '<', expecting ')'
app/views/layouts/application.html.erb:15: unknown regexp options - bdy
app/views/layouts/application.html.erb:16: syntax error, unexpected '<'
app/views/layouts/application.html.erb:19: unterminated regexp meets end of file
app/views/layouts/application.html.erb:19: syntax error, unexpected end-of-input, expecting ')'
app/views/layouts/application.html.erb:9: syntax error, unexpected tIDENTIFIER, expecting ')'
app/views/layouts/application.html.erb:9: syntax error, unexpected tIDENTIFIER, expecting ')'
app/views/layouts/application.html.erb:9: syntax error, unexpected tIDENTIFIER, expecting ')'
app/views/layouts/application.html.erb:9: syntax error, unexpected tSTRING_BEG, expecting do or '{' or '('
app/views/layouts/application.html.erb:9: syntax error, unexpected tIDENTIFIER, expecting ')'
app/views/layouts/application.html.erb:10: syntax error, unexpected tIDENTIFIER, expecting ')'
app/views/layouts/application.html.erb:10: syntax error, unexpected tIDENTIFIER, expecting ')'
app/views/layouts/application.html.erb:10: syntax error, unexpected tSTRING_BEG, expecting do or '{' or '('
app/views/layouts/application.html.erb:10: syntax error, unexpected tIDENTIFIER, expecting ')'
app/views/layouts/application.html.erb:11: syntax error, unexpected '<', expecting ')'
app/views/layouts/application.html.erb:15: unknown regexp options - bdy
app/views/layouts/application.html.erb:16: syntax error, unexpected '<'
app/views/layouts/application.html.erb:19: unterminated regexp meets end of file
app/views/layouts/application.html.erb:19: syntax error, unexpected end-of-input, expecting ')'
app/views/layouts/application.html.erb:9: syntax error, unexpected tIDENTIFIER, expecting ')'
app/views/layouts/application.html.erb:9: syntax error, unexpected tIDENTIFIER, expecting ')'
app/views/layouts/application.html.erb:9: syntax error, unexpected tIDENTIFIER, expecting ')'
app/views/layouts/application.html.erb:9: syntax error, unexpected tSTRING_BEG, expecting do or '{' or '('
app/views/layouts/application.html.erb:9: syntax error, unexpected tIDENTIFIER, expecting ')'
app/views/layouts/application.html.erb:10: syntax error, unexpected tIDENTIFIER, expecting ')'
app/views/layouts/application.html.erb:10: syntax error, unexpected tIDENTIFIER, expecting ')'
app/views/layouts/application.html.erb:10: syntax error, unexpected tSTRING_BEG, expecting do or '{' or '('
app/views/layouts/application.html.erb:10: syntax error, unexpected tIDENTIFIER, expecting ')'
app/views/layouts/application.html.erb:11: syntax error, unexpected '<', expecting ')'
app/views/layouts/application.html.erb:15: unknown regexp options - bdy
app/views/layouts/application.html.erb:16: syntax error, unexpected '<'
app/views/layouts/application.html.erb:19: unterminated regexp meets end of file
app/views/layouts/application.html.erb:19: syntax error, unexpected end-of-input, expecting ')'
Started GET "/memes" for ::1 at 2019-11-28 13:30:58 -0300
  [1m[35m (0.6ms)[0m  [1m[34mSELECT sqlite_version(*)[0m
  [1m[35m (1.3ms)[0m  [1m[34mSELECT "schema_migrations"."version" FROM "schema_migrations" ORDER BY "schema_migrations"."version" ASC[0m
Processing by MemesController#index as HTML
  Rendering memes/index.html.erb within layouts/application
  Rendered layouts/_bootstrap.html.erb (Duration: 1.3ms | Allocations: 89)
  [1m[36mMeme Load (1.6ms)[0m  [1m[34mSELECT "memes".* FROM "memes"[0m
  ↳ app/views/memes/index.html.erb:19
  Rendered memes/index.html.erb within layouts/application (Duration: 14.9ms | Allocations: 6304)
Completed 500 Internal Server Error in 38ms (ActiveRecord: 2.3ms | Allocations: 12029)


Started GET "/memes" for ::1 at 2019-11-28 13:31:01 -0300
Processing by MemesController#index as HTML
  Rendering memes/index.html.erb within layouts/application
  Rendered layouts/_bootstrap.html.erb (Duration: 0.1ms | Allocations: 6)
  [1m[36mMeme Load (0.3ms)[0m  [1m[34mSELECT "memes".* FROM "memes"[0m
  ↳ app/views/memes/index.html.erb:19
  Rendered memes/index.html.erb within layouts/application (Duration: 3.9ms | Allocations: 827)
Completed 500 Internal Server Error in 11ms (ActiveRecord: 0.3ms | Allocations: 2224)


  
ActionView::SyntaxErrorInTemplate (Encountered a syntax error while rendering template: check <!DOCTYPE html>
<html>
<%= render '/
<head>
    <title>Paralelo</title>
    <%= csrf_meta_tags %>
    <%= csp_meta_tag %>

    <%= stylesheet_link_tag 'application', media: 'all', 'data-turbolinks-track': 'reload' %>
    <%= javascript_pack_tag 'application', 'data-turbolinks-track': 'reload' %>
  </head>

  <body>
    <%= yield %>
  </body>
</html>

):
1:    <!DOCTYPE html>
2:    <html>
3:    <%= render '/
4:    <head>
5:        <title>Paralelo</title>
6:        <%= csrf_meta_tags %>
7:        <%= csp_meta_tag %>
8:    
9:        <%= stylesheet_link_tag 'application', media: 'all', 'data-turbolinks-track': 'reload' %>
10:        <%= javascript_pack_tag 'application', 'data-turbolinks-track': 'reload' %>
11:      </head>
12:    
13:      <body>
14:        <%= yield %>
15:      </body>
16:    </html>
  
app/views/layouts/application.html.erb:9: syntax error, unexpected tIDENTIFIER, expecting ')'
app/views/layouts/application.html.erb:9: syntax error, unexpected tIDENTIFIER, expecting ')'
app/views/layouts/application.html.erb:9: syntax error, unexpected tIDENTIFIER, expecting ')'
app/views/layouts/application.html.erb:9: syntax error, unexpected tSTRING_BEG, expecting do or '{' or '('
app/views/layouts/application.html.erb:9: syntax error, unexpected tIDENTIFIER, expecting ')'
app/views/layouts/application.html.erb:10: syntax error, unexpected tIDENTIFIER, expecting ')'
app/views/layouts/application.html.erb:10: syntax error, unexpected tIDENTIFIER, expecting ')'
app/views/layouts/application.html.erb:10: syntax error, unexpected tSTRING_BEG, expecting do or '{' or '('
app/views/layouts/application.html.erb:10: syntax error, unexpected tIDENTIFIER, expecting ')'
app/views/layouts/application.html.erb:11: syntax error, unexpected '<', expecting ')'
app/views/layouts/application.html.erb:15: unknown regexp options - bdy
app/views/layouts/application.html.erb:16: syntax error, unexpected '<'
app/views/layouts/application.html.erb:19: unterminated regexp meets end of file
app/views/layouts/application.html.erb:19: syntax error, unexpected end-of-input, expecting ')'
app/views/layouts/application.html.erb:9: syntax error, unexpected tIDENTIFIER, expecting ')'
app/views/layouts/application.html.erb:9: syntax error, unexpected tIDENTIFIER, expecting ')'
app/views/layouts/application.html.erb:9: syntax error, unexpected tIDENTIFIER, expecting ')'
app/views/layouts/application.html.erb:9: syntax error, unexpected tSTRING_BEG, expecting do or '{' or '('
app/views/layouts/application.html.erb:9: syntax error, unexpected tIDENTIFIER, expecting ')'
app/views/layouts/application.html.erb:10: syntax error, unexpected tIDENTIFIER, expecting ')'
app/views/layouts/application.html.erb:10: syntax error, unexpected tIDENTIFIER, expecting ')'
app/views/layouts/application.html.erb:10: syntax error, unexpected tSTRING_BEG, expecting do or '{' or '('
app/views/layouts/application.html.erb:10: syntax error, unexpected tIDENTIFIER, expecting ')'
app/views/layouts/application.html.erb:11: syntax error, unexpected '<', expecting ')'
app/views/layouts/application.html.erb:15: unknown regexp options - bdy
app/views/layouts/application.html.erb:16: syntax error, unexpected '<'
app/views/layouts/application.html.erb:19: unterminated regexp meets end of file
app/views/layouts/application.html.erb:19: syntax error, unexpected end-of-input, expecting ')'
app/views/layouts/application.html.erb:9: syntax error, unexpected tIDENTIFIER, expecting ')'
app/views/layouts/application.html.erb:9: syntax error, unexpected tIDENTIFIER, expecting ')'
app/views/layouts/application.html.erb:9: syntax error, unexpected tIDENTIFIER, expecting ')'
app/views/layouts/application.html.erb:9: syntax error, unexpected tSTRING_BEG, expecting do or '{' or '('
app/views/layouts/application.html.erb:9: syntax error, unexpected tIDENTIFIER, expecting ')'
app/views/layouts/application.html.erb:10: syntax error, unexpected tIDENTIFIER, expecting ')'
app/views/layouts/application.html.erb:10: syntax error, unexpected tIDENTIFIER, expecting ')'
app/views/layouts/application.html.erb:10: syntax error, unexpected tSTRING_BEG, expecting do or '{' or '('
app/views/layouts/application.html.erb:10: syntax error, unexpected tIDENTIFIER, expecting ')'
app/views/layouts/application.html.erb:11: syntax error, unexpected '<', expecting ')'
app/views/layouts/application.html.erb:15: unknown regexp options - bdy
app/views/layouts/application.html.erb:16: syntax error, unexpected '<'
app/views/layouts/application.html.erb:19: unterminated regexp meets end of file
app/views/layouts/application.html.erb:19: syntax error, unexpected end-of-input, expecting ')'
app/views/layouts/application.html.erb:9: syntax error, unexpected tIDENTIFIER, expecting ')'
app/views/layouts/application.html.erb:9: syntax error, unexpected tIDENTIFIER, expecting ')'
app/views/layouts/application.html.erb:9: syntax error, unexpected tIDENTIFIER, expecting ')'
app/views/layouts/application.html.erb:9: syntax error, unexpected tSTRING_BEG, expecting do or '{' or '('
app/views/layouts/application.html.erb:9: syntax error, unexpected tIDENTIFIER, expecting ')'
app/views/layouts/application.html.erb:10: syntax error, unexpected tIDENTIFIER, expecting ')'
app/views/layouts/application.html.erb:10: syntax error, unexpected tIDENTIFIER, expecting ')'
app/views/layouts/application.html.erb:10: syntax error, unexpected tSTRING_BEG, expecting do or '{' or '('
app/views/layouts/application.html.erb:10: syntax error, unexpected tIDENTIFIER, expecting ')'
app/views/layouts/application.html.erb:11: syntax error, unexpected '<', expecting ')'
app/views/layouts/application.html.erb:15: unknown regexp options - bdy
app/views/layouts/application.html.erb:16: syntax error, unexpected '<'
app/views/layouts/application.html.erb:19: unterminated regexp meets end of file
app/views/layouts/application.html.erb:19: syntax error, unexpected end-of-input, expecting ')'
app/views/layouts/application.html.erb:9: syntax error, unexpected tIDENTIFIER, expecting ')'
app/views/layouts/application.html.erb:9: syntax error, unexpected tIDENTIFIER, expecting ')'
app/views/layouts/application.html.erb:9: syntax error, unexpected tIDENTIFIER, expecting ')'
app/views/layouts/application.html.erb:9: syntax error, unexpected tSTRING_BEG, expecting do or '{' or '('
app/views/layouts/application.html.erb:9: syntax error, unexpected tIDENTIFIER, expecting ')'
app/views/layouts/application.html.erb:10: syntax error, unexpected tIDENTIFIER, expecting ')'
app/views/layouts/application.html.erb:10: syntax error, unexpected tIDENTIFIER, expecting ')'
app/views/layouts/application.html.erb:10: syntax error, unexpected tSTRING_BEG, expecting do or '{' or '('
app/views/layouts/application.html.erb:10: syntax error, unexpected tIDENTIFIER, expecting ')'
app/views/layouts/application.html.erb:11: syntax error, unexpected '<', expecting ')'
app/views/layouts/application.html.erb:15: unknown regexp options - bdy
app/views/layouts/application.html.erb:16: syntax error, unexpected '<'
app/views/layouts/application.html.erb:19: unterminated regexp meets end of file
app/views/layouts/application.html.erb:19: syntax error, unexpected end-of-input, expecting ')'
app/views/layouts/application.html.erb:9: syntax error, unexpected tIDENTIFIER, expecting ')'
app/views/layouts/application.html.erb:9: syntax error, unexpected tIDENTIFIER, expecting ')'
app/views/layouts/application.html.erb:9: syntax error, unexpected tIDENTIFIER, expecting ')'
app/views/layouts/application.html.erb:9: syntax error, unexpected tSTRING_BEG, expecting do or '{' or '('
app/views/layouts/application.html.erb:9: syntax error, unexpected tIDENTIFIER, expecting ')'
app/views/layouts/application.html.erb:10: syntax error, unexpected tIDENTIFIER, expecting ')'
app/views/layouts/application.html.erb:10: syntax error, unexpected tIDENTIFIER, expecting ')'
app/views/layouts/application.html.erb:10: syntax error, unexpected tSTRING_BEG, expecting do or '{' or '('
app/views/layouts/application.html.erb:10: syntax error, unexpected tIDENTIFIER, expecting ')'
app/views/layouts/application.html.erb:11: syntax error, unexpected '<', expecting ')'
app/views/layouts/application.html.erb:15: unknown regexp options - bdy
app/views/layouts/application.html.erb:16: syntax error, unexpected '<'
app/views/layouts/application.html.erb:19: unterminated regexp meets end of file
app/views/layouts/application.html.erb:19: syntax error, unexpected end-of-input, expecting ')'
Started GET "/memes" for ::1 at 2019-11-28 13:32:54 -0300
Processing by MemesController#index as HTML
  Rendering memes/index.html.erb within layouts/application
  Rendered layouts/_bootstrap.html.erb (Duration: 0.3ms | Allocations: 6)
  [1m[36mMeme Load (0.4ms)[0m  [1m[34mSELECT "memes".* FROM "memes"[0m
  ↳ app/views/memes/index.html.erb:19
  Rendered memes/index.html.erb within layouts/application (Duration: 5.1ms | Allocations: 853)
Completed 500 Internal Server Error in 10ms (ActiveRecord: 0.4ms | Allocations: 2271)


  
ActionView::SyntaxErrorInTemplate (Encountered a syntax error while rendering template: check <!DOCTYPE html>
<html>
<%= render '/
<head>
    <title>Paralelo</title>
    <%= csrf_meta_tags %>
    <%= csp_meta_tag %>

    <%= stylesheet_link_tag 'application', media: 'all', 'data-turbolinks-track': 'reload' %>
    <%= javascript_pack_tag 'application', 'data-turbolinks-track': 'reload' %>
  </head>

  <body>
    <%= yield %>
  </body>
</html>

):
1:    <!DOCTYPE html>
2:    <html>
3:    <%= render '/
4:    <head>
5:        <title>Paralelo</title>
6:        <%= csrf_meta_tags %>
7:        <%= csp_meta_tag %>
8:    
9:        <%= stylesheet_link_tag 'application', media: 'all', 'data-turbolinks-track': 'reload' %>
10:        <%= javascript_pack_tag 'application', 'data-turbolinks-track': 'reload' %>
11:      </head>
12:    
13:      <body>
14:        <%= yield %>
15:      </body>
16:    </html>
  
app/views/layouts/application.html.erb:9: syntax error, unexpected tIDENTIFIER, expecting ')'
app/views/layouts/application.html.erb:9: syntax error, unexpected tIDENTIFIER, expecting ')'
app/views/layouts/application.html.erb:9: syntax error, unexpected tIDENTIFIER, expecting ')'
app/views/layouts/application.html.erb:9: syntax error, unexpected tSTRING_BEG, expecting do or '{' or '('
app/views/layouts/application.html.erb:9: syntax error, unexpected tIDENTIFIER, expecting ')'
app/views/layouts/application.html.erb:10: syntax error, unexpected tIDENTIFIER, expecting ')'
app/views/layouts/application.html.erb:10: syntax error, unexpected tIDENTIFIER, expecting ')'
app/views/layouts/application.html.erb:10: syntax error, unexpected tSTRING_BEG, expecting do or '{' or '('
app/views/layouts/application.html.erb:10: syntax error, unexpected tIDENTIFIER, expecting ')'
app/views/layouts/application.html.erb:11: syntax error, unexpected '<', expecting ')'
app/views/layouts/application.html.erb:15: unknown regexp options - bdy
app/views/layouts/application.html.erb:16: syntax error, unexpected '<'
app/views/layouts/application.html.erb:19: unterminated regexp meets end of file
app/views/layouts/application.html.erb:19: syntax error, unexpected end-of-input, expecting ')'
app/views/layouts/application.html.erb:9: syntax error, unexpected tIDENTIFIER, expecting ')'
app/views/layouts/application.html.erb:9: syntax error, unexpected tIDENTIFIER, expecting ')'
app/views/layouts/application.html.erb:9: syntax error, unexpected tIDENTIFIER, expecting ')'
app/views/layouts/application.html.erb:9: syntax error, unexpected tSTRING_BEG, expecting do or '{' or '('
app/views/layouts/application.html.erb:9: syntax error, unexpected tIDENTIFIER, expecting ')'
app/views/layouts/application.html.erb:10: syntax error, unexpected tIDENTIFIER, expecting ')'
app/views/layouts/application.html.erb:10: syntax error, unexpected tIDENTIFIER, expecting ')'
app/views/layouts/application.html.erb:10: syntax error, unexpected tSTRING_BEG, expecting do or '{' or '('
app/views/layouts/application.html.erb:10: syntax error, unexpected tIDENTIFIER, expecting ')'
app/views/layouts/application.html.erb:11: syntax error, unexpected '<', expecting ')'
app/views/layouts/application.html.erb:15: unknown regexp options - bdy
app/views/layouts/application.html.erb:16: syntax error, unexpected '<'
app/views/layouts/application.html.erb:19: unterminated regexp meets end of file
app/views/layouts/application.html.erb:19: syntax error, unexpected end-of-input, expecting ')'
app/views/layouts/application.html.erb:9: syntax error, unexpected tIDENTIFIER, expecting ')'
app/views/layouts/application.html.erb:9: syntax error, unexpected tIDENTIFIER, expecting ')'
app/views/layouts/application.html.erb:9: syntax error, unexpected tIDENTIFIER, expecting ')'
app/views/layouts/application.html.erb:9: syntax error, unexpected tSTRING_BEG, expecting do or '{' or '('
app/views/layouts/application.html.erb:9: syntax error, unexpected tIDENTIFIER, expecting ')'
app/views/layouts/application.html.erb:10: syntax error, unexpected tIDENTIFIER, expecting ')'
app/views/layouts/application.html.erb:10: syntax error, unexpected tIDENTIFIER, expecting ')'
app/views/layouts/application.html.erb:10: syntax error, unexpected tSTRING_BEG, expecting do or '{' or '('
app/views/layouts/application.html.erb:10: syntax error, unexpected tIDENTIFIER, expecting ')'
app/views/layouts/application.html.erb:11: syntax error, unexpected '<', expecting ')'
app/views/layouts/application.html.erb:15: unknown regexp options - bdy
app/views/layouts/application.html.erb:16: syntax error, unexpected '<'
app/views/layouts/application.html.erb:19: unterminated regexp meets end of file
app/views/layouts/application.html.erb:19: syntax error, unexpected end-of-input, expecting ')'
app/views/layouts/application.html.erb:9: syntax error, unexpected tIDENTIFIER, expecting ')'
app/views/layouts/application.html.erb:9: syntax error, unexpected tIDENTIFIER, expecting ')'
app/views/layouts/application.html.erb:9: syntax error, unexpected tIDENTIFIER, expecting ')'
app/views/layouts/application.html.erb:9: syntax error, unexpected tSTRING_BEG, expecting do or '{' or '('
app/views/layouts/application.html.erb:9: syntax error, unexpected tIDENTIFIER, expecting ')'
app/views/layouts/application.html.erb:10: syntax error, unexpected tIDENTIFIER, expecting ')'
app/views/layouts/application.html.erb:10: syntax error, unexpected tIDENTIFIER, expecting ')'
app/views/layouts/application.html.erb:10: syntax error, unexpected tSTRING_BEG, expecting do or '{' or '('
app/views/layouts/application.html.erb:10: syntax error, unexpected tIDENTIFIER, expecting ')'
app/views/layouts/application.html.erb:11: syntax error, unexpected '<', expecting ')'
app/views/layouts/application.html.erb:15: unknown regexp options - bdy
app/views/layouts/application.html.erb:16: syntax error, unexpected '<'
app/views/layouts/application.html.erb:19: unterminated regexp meets end of file
app/views/layouts/application.html.erb:19: syntax error, unexpected end-of-input, expecting ')'
app/views/layouts/application.html.erb:9: syntax error, unexpected tIDENTIFIER, expecting ')'
app/views/layouts/application.html.erb:9: syntax error, unexpected tIDENTIFIER, expecting ')'
app/views/layouts/application.html.erb:9: syntax error, unexpected tIDENTIFIER, expecting ')'
app/views/layouts/application.html.erb:9: syntax error, unexpected tSTRING_BEG, expecting do or '{' or '('
app/views/layouts/application.html.erb:9: syntax error, unexpected tIDENTIFIER, expecting ')'
app/views/layouts/application.html.erb:10: syntax error, unexpected tIDENTIFIER, expecting ')'
app/views/layouts/application.html.erb:10: syntax error, unexpected tIDENTIFIER, expecting ')'
app/views/layouts/application.html.erb:10: syntax error, unexpected tSTRING_BEG, expecting do or '{' or '('
app/views/layouts/application.html.erb:10: syntax error, unexpected tIDENTIFIER, expecting ')'
app/views/layouts/application.html.erb:11: syntax error, unexpected '<', expecting ')'
app/views/layouts/application.html.erb:15: unknown regexp options - bdy
app/views/layouts/application.html.erb:16: syntax error, unexpected '<'
app/views/layouts/application.html.erb:19: unterminated regexp meets end of file
app/views/layouts/application.html.erb:19: syntax error, unexpected end-of-input, expecting ')'
app/views/layouts/application.html.erb:9: syntax error, unexpected tIDENTIFIER, expecting ')'
app/views/layouts/application.html.erb:9: syntax error, unexpected tIDENTIFIER, expecting ')'
app/views/layouts/application.html.erb:9: syntax error, unexpected tIDENTIFIER, expecting ')'
app/views/layouts/application.html.erb:9: syntax error, unexpected tSTRING_BEG, expecting do or '{' or '('
app/views/layouts/application.html.erb:9: syntax error, unexpected tIDENTIFIER, expecting ')'
app/views/layouts/application.html.erb:10: syntax error, unexpected tIDENTIFIER, expecting ')'
app/views/layouts/application.html.erb:10: syntax error, unexpected tIDENTIFIER, expecting ')'
app/views/layouts/application.html.erb:10: syntax error, unexpected tSTRING_BEG, expecting do or '{' or '('
app/views/layouts/application.html.erb:10: syntax error, unexpected tIDENTIFIER, expecting ')'
app/views/layouts/application.html.erb:11: syntax error, unexpected '<', expecting ')'
app/views/layouts/application.html.erb:15: unknown regexp options - bdy
app/views/layouts/application.html.erb:16: syntax error, unexpected '<'
app/views/layouts/application.html.erb:19: unterminated regexp meets end of file
app/views/layouts/application.html.erb:19: syntax error, unexpected end-of-input, expecting ')'
Started GET "/memes" for ::1 at 2019-11-28 13:33:04 -0300
Processing by MemesController#index as HTML
  Rendering memes/index.html.erb within layouts/application
  Rendered layouts/_bootstrap.html.erb (Duration: 0.1ms | Allocations: 6)
  [1m[36mMeme Load (0.3ms)[0m  [1m[34mSELECT "memes".* FROM "memes"[0m
  ↳ app/views/memes/index.html.erb:19
  Rendered memes/index.html.erb within layouts/application (Duration: 3.7ms | Allocations: 817)
Completed 500 Internal Server Error in 9ms (ActiveRecord: 0.3ms | Allocations: 2207)


  
ActionView::SyntaxErrorInTemplate (Encountered a syntax error while rendering template: check <!DOCTYPE html>
<html>
<%= render '/
<head>
    <title>Paralelo</title>
    <%= csrf_meta_tags %>
    <%= csp_meta_tag %>

    <%= stylesheet_link_tag 'application', media: 'all', 'data-turbolinks-track': 'reload' %>
    <%= javascript_pack_tag 'application', 'data-turbolinks-track': 'reload' %>
  </head>

  <body>
    <%= yield %>
  </body>
</html>

):
1:    <!DOCTYPE html>
2:    <html>
3:    <%= render '/
4:    <head>
5:        <title>Paralelo</title>
6:        <%= csrf_meta_tags %>
7:        <%= csp_meta_tag %>
8:    
9:        <%= stylesheet_link_tag 'application', media: 'all', 'data-turbolinks-track': 'reload' %>
10:        <%= javascript_pack_tag 'application', 'data-turbolinks-track': 'reload' %>
11:      </head>
12:    
13:      <body>
14:        <%= yield %>
15:      </body>
16:    </html>
  
app/views/layouts/application.html.erb:9: syntax error, unexpected tIDENTIFIER, expecting ')'
app/views/layouts/application.html.erb:9: syntax error, unexpected tIDENTIFIER, expecting ')'
app/views/layouts/application.html.erb:9: syntax error, unexpected tIDENTIFIER, expecting ')'
app/views/layouts/application.html.erb:9: syntax error, unexpected tSTRING_BEG, expecting do or '{' or '('
app/views/layouts/application.html.erb:9: syntax error, unexpected tIDENTIFIER, expecting ')'
app/views/layouts/application.html.erb:10: syntax error, unexpected tIDENTIFIER, expecting ')'
app/views/layouts/application.html.erb:10: syntax error, unexpected tIDENTIFIER, expecting ')'
app/views/layouts/application.html.erb:10: syntax error, unexpected tSTRING_BEG, expecting do or '{' or '('
app/views/layouts/application.html.erb:10: syntax error, unexpected tIDENTIFIER, expecting ')'
app/views/layouts/application.html.erb:11: syntax error, unexpected '<', expecting ')'
app/views/layouts/application.html.erb:15: unknown regexp options - bdy
app/views/layouts/application.html.erb:16: syntax error, unexpected '<'
app/views/layouts/application.html.erb:19: unterminated regexp meets end of file
app/views/layouts/application.html.erb:19: syntax error, unexpected end-of-input, expecting ')'
app/views/layouts/application.html.erb:9: syntax error, unexpected tIDENTIFIER, expecting ')'
app/views/layouts/application.html.erb:9: syntax error, unexpected tIDENTIFIER, expecting ')'
app/views/layouts/application.html.erb:9: syntax error, unexpected tIDENTIFIER, expecting ')'
app/views/layouts/application.html.erb:9: syntax error, unexpected tSTRING_BEG, expecting do or '{' or '('
app/views/layouts/application.html.erb:9: syntax error, unexpected tIDENTIFIER, expecting ')'
app/views/layouts/application.html.erb:10: syntax error, unexpected tIDENTIFIER, expecting ')'
app/views/layouts/application.html.erb:10: syntax error, unexpected tIDENTIFIER, expecting ')'
app/views/layouts/application.html.erb:10: syntax error, unexpected tSTRING_BEG, expecting do or '{' or '('
app/views/layouts/application.html.erb:10: syntax error, unexpected tIDENTIFIER, expecting ')'
app/views/layouts/application.html.erb:11: syntax error, unexpected '<', expecting ')'
app/views/layouts/application.html.erb:15: unknown regexp options - bdy
app/views/layouts/application.html.erb:16: syntax error, unexpected '<'
app/views/layouts/application.html.erb:19: unterminated regexp meets end of file
app/views/layouts/application.html.erb:19: syntax error, unexpected end-of-input, expecting ')'
app/views/layouts/application.html.erb:9: syntax error, unexpected tIDENTIFIER, expecting ')'
app/views/layouts/application.html.erb:9: syntax error, unexpected tIDENTIFIER, expecting ')'
app/views/layouts/application.html.erb:9: syntax error, unexpected tIDENTIFIER, expecting ')'
app/views/layouts/application.html.erb:9: syntax error, unexpected tSTRING_BEG, expecting do or '{' or '('
app/views/layouts/application.html.erb:9: syntax error, unexpected tIDENTIFIER, expecting ')'
app/views/layouts/application.html.erb:10: syntax error, unexpected tIDENTIFIER, expecting ')'
app/views/layouts/application.html.erb:10: syntax error, unexpected tIDENTIFIER, expecting ')'
app/views/layouts/application.html.erb:10: syntax error, unexpected tSTRING_BEG, expecting do or '{' or '('
app/views/layouts/application.html.erb:10: syntax error, unexpected tIDENTIFIER, expecting ')'
app/views/layouts/application.html.erb:11: syntax error, unexpected '<', expecting ')'
app/views/layouts/application.html.erb:15: unknown regexp options - bdy
app/views/layouts/application.html.erb:16: syntax error, unexpected '<'
app/views/layouts/application.html.erb:19: unterminated regexp meets end of file
app/views/layouts/application.html.erb:19: syntax error, unexpected end-of-input, expecting ')'
app/views/layouts/application.html.erb:9: syntax error, unexpected tIDENTIFIER, expecting ')'
app/views/layouts/application.html.erb:9: syntax error, unexpected tIDENTIFIER, expecting ')'
app/views/layouts/application.html.erb:9: syntax error, unexpected tIDENTIFIER, expecting ')'
app/views/layouts/application.html.erb:9: syntax error, unexpected tSTRING_BEG, expecting do or '{' or '('
app/views/layouts/application.html.erb:9: syntax error, unexpected tIDENTIFIER, expecting ')'
app/views/layouts/application.html.erb:10: syntax error, unexpected tIDENTIFIER, expecting ')'
app/views/layouts/application.html.erb:10: syntax error, unexpected tIDENTIFIER, expecting ')'
app/views/layouts/application.html.erb:10: syntax error, unexpected tSTRING_BEG, expecting do or '{' or '('
app/views/layouts/application.html.erb:10: syntax error, unexpected tIDENTIFIER, expecting ')'
app/views/layouts/application.html.erb:11: syntax error, unexpected '<', expecting ')'
app/views/layouts/application.html.erb:15: unknown regexp options - bdy
app/views/layouts/application.html.erb:16: syntax error, unexpected '<'
app/views/layouts/application.html.erb:19: unterminated regexp meets end of file
app/views/layouts/application.html.erb:19: syntax error, unexpected end-of-input, expecting ')'
app/views/layouts/application.html.erb:9: syntax error, unexpected tIDENTIFIER, expecting ')'
app/views/layouts/application.html.erb:9: syntax error, unexpected tIDENTIFIER, expecting ')'
app/views/layouts/application.html.erb:9: syntax error, unexpected tIDENTIFIER, expecting ')'
app/views/layouts/application.html.erb:9: syntax error, unexpected tSTRING_BEG, expecting do or '{' or '('
app/views/layouts/application.html.erb:9: syntax error, unexpected tIDENTIFIER, expecting ')'
app/views/layouts/application.html.erb:10: syntax error, unexpected tIDENTIFIER, expecting ')'
app/views/layouts/application.html.erb:10: syntax error, unexpected tIDENTIFIER, expecting ')'
app/views/layouts/application.html.erb:10: syntax error, unexpected tSTRING_BEG, expecting do or '{' or '('
app/views/layouts/application.html.erb:10: syntax error, unexpected tIDENTIFIER, expecting ')'
app/views/layouts/application.html.erb:11: syntax error, unexpected '<', expecting ')'
app/views/layouts/application.html.erb:15: unknown regexp options - bdy
app/views/layouts/application.html.erb:16: syntax error, unexpected '<'
app/views/layouts/application.html.erb:19: unterminated regexp meets end of file
app/views/layouts/application.html.erb:19: syntax error, unexpected end-of-input, expecting ')'
app/views/layouts/application.html.erb:9: syntax error, unexpected tIDENTIFIER, expecting ')'
app/views/layouts/application.html.erb:9: syntax error, unexpected tIDENTIFIER, expecting ')'
app/views/layouts/application.html.erb:9: syntax error, unexpected tIDENTIFIER, expecting ')'
app/views/layouts/application.html.erb:9: syntax error, unexpected tSTRING_BEG, expecting do or '{' or '('
app/views/layouts/application.html.erb:9: syntax error, unexpected tIDENTIFIER, expecting ')'
app/views/layouts/application.html.erb:10: syntax error, unexpected tIDENTIFIER, expecting ')'
app/views/layouts/application.html.erb:10: syntax error, unexpected tIDENTIFIER, expecting ')'
app/views/layouts/application.html.erb:10: syntax error, unexpected tSTRING_BEG, expecting do or '{' or '('
app/views/layouts/application.html.erb:10: syntax error, unexpected tIDENTIFIER, expecting ')'
app/views/layouts/application.html.erb:11: syntax error, unexpected '<', expecting ')'
app/views/layouts/application.html.erb:15: unknown regexp options - bdy
app/views/layouts/application.html.erb:16: syntax error, unexpected '<'
app/views/layouts/application.html.erb:19: unterminated regexp meets end of file
app/views/layouts/application.html.erb:19: syntax error, unexpected end-of-input, expecting ')'
Started GET "/memes" for ::1 at 2019-11-28 13:34:02 -0300
Processing by MemesController#index as HTML
  Rendering memes/index.html.erb within layouts/application
  Rendered layouts/_bootstrap.html.erb (Duration: 0.5ms | Allocations: 86)
  [1m[36mMeme Load (0.4ms)[0m  [1m[34mSELECT "memes".* FROM "memes"[0m
  ↳ app/views/memes/index.html.erb:19
  Rendered memes/index.html.erb within layouts/application (Duration: 5.4ms | Allocations: 1348)
[Webpacker] Compiling...
[Webpacker] Compiled all packs in /Users/youse/Documents/AppTeste/PastaParalelo/paralelo/public/packs
[Webpacker] Hash: 53154d7baad00c6a1252
Version: webpack 4.41.2
Time: 2714ms
Built at: 28/11/2019 14:34:09
                                     Asset       Size       Chunks                         Chunk Names
    js/application-0b67a3cc2fcde6055024.js    124 KiB  application  [emitted] [immutable]  application
js/application-0b67a3cc2fcde6055024.js.map    139 KiB  application  [emitted] [dev]        application
                             manifest.json  364 bytes               [emitted]              
Entrypoint application = js/application-0b67a3cc2fcde6055024.js js/application-0b67a3cc2fcde6055024.js.map
[./app/javascript/channels sync recursive _channel\.js$] ./app/javascript/channels sync _channel\.js$ 160 bytes {application} [built]
[./app/javascript/channels/index.js] 211 bytes {application} [built]
[./app/javascript/packs/application.js] 749 bytes {application} [built]
[./node_modules/webpack/buildin/module.js] (webpack)/buildin/module.js 552 bytes {application} [built]
    + 3 hidden modules

Completed 200 OK in 7246ms (Views: 7241.4ms | ActiveRecord: 0.4ms | Allocations: 19710)


